<?xml version="1.0" encoding="UTF-8"?>
<testng-results ignored="0" total="2" passed="2" failed="0" skipped="0">
  <reporter-output>
  </reporter-output>
  <suite started-at="2021-11-24T14:33:20 IST" name="Suite" finished-at="2021-11-24T14:33:51 IST" duration-ms="31558">
    <groups>
    </groups>
    <test started-at="2021-11-24T14:33:20 IST" name="Test" finished-at="2021-11-24T14:33:51 IST" duration-ms="31558">
      <class name="ashushivamproject.TestCaseOrangeHRM">
        <test-method signature="loginOrangeHRM()[pri:0, instance:ashushivamproject.TestCaseOrangeHRM@74455848]" started-at="2021-11-24T14:33:20 IST" name="loginOrangeHRM" finished-at="2021-11-24T14:33:37 IST" duration-ms="17711" status="PASS">
          <reporter-output>
          </reporter-output>
        </test-method> <!-- loginOrangeHRM -->
      </class> <!-- ashushivamproject.TestCaseOrangeHRM -->
      <class name="ashushivamproject.TestCaseSelenium">
        <test-method signature="LoginTest()[pri:0, instance:ashushivamproject.TestCaseSelenium@e7edb54]" started-at="2021-11-24T14:33:37 IST" name="LoginTest" finished-at="2021-11-24T14:33:51 IST" duration-ms="13784" status="PASS">
          <reporter-output>
          </reporter-output>
        </test-method> <!-- LoginTest -->
      </class> <!-- ashushivamproject.TestCaseSelenium -->
    </test> <!-- Test -->
  </suite> <!-- Suite -->
</testng-results>
