<?xml version="1.0" encoding="UTF-8"?>
<testng-results ignored="0" total="2" passed="2" failed="0" skipped="0">
  <reporter-output>
  </reporter-output>
  <suite started-at="2021-11-24T13:59:32 IST" name="Suite" finished-at="2021-11-24T13:59:55 IST" duration-ms="23092">
    <groups>
    </groups>
    <test started-at="2021-11-24T13:59:32 IST" name="Test" finished-at="2021-11-24T13:59:55 IST" duration-ms="23092">
      <class name="ashushivamproject.TestCaseOrangeHRM">
        <test-method signature="loginOrangeHRM()[pri:0, instance:ashushivamproject.TestCaseOrangeHRM@c88a337]" started-at="2021-11-24T13:59:32 IST" name="loginOrangeHRM" finished-at="2021-11-24T13:59:46 IST" duration-ms="13278" status="PASS">
          <reporter-output>
          </reporter-output>
        </test-method> <!-- loginOrangeHRM -->
      </class> <!-- ashushivamproject.TestCaseOrangeHRM -->
      <class name="ashushivamproject.TestCaseSelenium">
        <test-method signature="LoginTest()[pri:0, instance:ashushivamproject.TestCaseSelenium@66f57048]" started-at="2021-11-24T13:59:46 IST" name="LoginTest" finished-at="2021-11-24T13:59:55 IST" duration-ms="9765" status="PASS">
          <reporter-output>
          </reporter-output>
        </test-method> <!-- LoginTest -->
      </class> <!-- ashushivamproject.TestCaseSelenium -->
    </test> <!-- Test -->
  </suite> <!-- Suite -->
</testng-results>
